<?xml version="1.0" encoding="UTF-8"?>
<coverage generated="1675007908552" clover="3.2.0">
  <project timestamp="1675007908552" name="All files">
    <metrics statements="5" coveredstatements="0" conditionals="4" coveredconditionals="0" methods="2" coveredmethods="0" elements="11" coveredelements="0" complexity="0" loc="5" ncloc="5" packages="1" files="1" classes="1"/>
    <file name="userValidation.js" path="/Users/mac/Documents/express-assignment/src/validation/userValidation.js">
      <metrics statements="5" coveredstatements="0" conditionals="4" coveredconditionals="0" methods="2" coveredmethods="0"/>
      <line num="8" count="0" type="stmt"/>
      <line num="9" count="0" type="stmt"/>
      <line num="19" count="0" type="stmt"/>
      <line num="21" count="0" type="cond" truecount="0" falsecount="4"/>
      <line num="22" count="0" type="stmt"/>
    </file>
  </project>
</coverage>
