{"/Users/mac/Documents/express-assignment/src/validation/userValidation.js": {"path":"/Users/mac/Documents/express-assignment/src/validation/userValidation.js","statementMap":{"0":{"start":{"line":8,"column":14},"end":{"line":8,"column":42}},"1":{"start":{"line":9,"column":2},"end":{"line":9,"column":32}},"2":{"start":{"line":19,"column":11},"end":{"line":19,"column":52}},"3":{"start":{"line":21,"column":2},"end":{"line":22,"column":19}},"4":{"start":{"line":21,"column":58},"end":{"line":21,"column":69}},"5":{"start":{"line":22,"column":7},"end":{"line":22,"column":19}}},"fnMap":{"0":{"name":"validateEmail","decl":{"start":{"line":7,"column":9},"end":{"line":7,"column":22}},"loc":{"start":{"line":7,"column":36},"end":{"line":10,"column":1}},"line":7},"1":{"name":"validateNumber","decl":{"start":{"line":18,"column":9},"end":{"line":18,"column":23}},"loc":{"start":{"line":18,"column":35},"end":{"line":23,"column":1}},"line":18}},"branchMap":{"0":{"loc":{"start":{"line":21,"column":2},"end":{"line":22,"column":19}},"type":"if","locations":[{"start":{"line":21,"column":2},"end":{"line":22,"column":19}},{"start":{"line":22,"column":7},"end":{"line":22,"column":19}}],"line":21},"1":{"loc":{"start":{"line":21,"column":6},"end":{"line":21,"column":56}},"type":"binary-expr","locations":[{"start":{"line":21,"column":6},"end":{"line":21,"column":34}},{"start":{"line":21,"column":38},"end":{"line":21,"column":56}}],"line":21}},"s":{"0":0,"1":0,"2":0,"3":0,"4":0,"5":0},"f":{"0":0,"1":0},"b":{"0":[0,0],"1":[0,0]},"_coverageSchema":"1a1c01bbd47fc00a2c39e90264f33305004495a9","hash":"ac55d76cadb7202169b6591660c5ee143f8fe886"}
}
